<?xml version="1.0" encoding="UTF-8"?>
<!-- Generated by org.testng.reporters.JUnitReportReporter -->
<testsuite hostname="DESKTOP-C3N885J" failures="0" tests="1" name="testCase.AmazonIphonePriceTest" time="11.499" errors="0" timestamp="2024-01-18T11:27:43 IST" skipped="0">
  <testcase classname="testCase.AmazonIphonePriceTest" name="price_compare" time="11.499"/>
  <system-out/>
</testsuite> <!-- testCase.AmazonIphonePriceTest -->
