<?xml version="1.0" encoding="UTF-8"?>
<!-- Generated by org.testng.reporters.JUnitReportReporter -->
<testsuite hostname="DESKTOP-C3N885J" failures="0" tests="1" name="testCase.Test1" time="0.021" errors="0" timestamp="2024-01-18T11:27:43 IST" skipped="0">
  <testcase classname="testCase.Test1" name="finaltest" time="0.021"/>
  <system-out/>
</testsuite> <!-- testCase.Test1 -->
